# JRE version: OpenJDK Runtime Environment (17.0+35) (build 17+35-2724)
# Java VM: OpenJDK 64-Bit Server VM (17+35-2724, mixed mode, emulated-client, sharing, tiered, compressed oops, compressed class ptrs, g1 gc, windows-amd64)
GC Precious Log:
 CPUs: 4 total, 4 available
 Memory: 3966M
 Large Page Support: Disabled
 NUMA Support: Disabled
 Compressed Oops: Enabled (32-bit)
 Heap Region Size: 1M
 Heap Min Capacity: 8M
 Heap Initial Capacity: 62M
 Heap Max Capacity: 992M
 Pre-touch: Disabled
 Parallel Workers: 4
 Concurrent Workers: 1
 Concurrent Refinement Workers: 4
 Periodic GC: Disabled
Heap:
 garbage-first heap   total 252928K, used 67076K [0x00000000c2000000, 0x0000000100000000)
  region size 1024K, 1 young (1024K), 1 survivors (1024K)
 Metaspace       used 63288K, committed 63872K, reserved 1105920K
  class space    used 9423K, committed 9664K, reserved 1048576K
GC Heap History (20 events):
Event: 18.297 GC heap after
{Heap after GC invocations=27 (full 0):
 garbage-first heap   total 119808K, used 43002K [0x00000000c2000000, 0x0000000100000000)
  region size 1024K, 8 young (8192K), 8 survivors (8192K)
 Metaspace       used 63256K, committed 63808K, reserved 1105920K
  class space    used 9407K, committed 9664K, reserved 1048576K
}
Event: 18.504 GC heap before
{Heap before GC invocations=27 (full 0):
 garbage-first heap   total 119808K, used 96250K [0x00000000c2000000, 0x0000000100000000)
  region size 1024K, 59 young (60416K), 8 survivors (8192K)
 Metaspace       used 63256K, committed 63808K, reserved 1105920K
  class space    used 9407K, committed 9664K, reserved 1048576K
}
Event: 18.547 GC heap after
{Heap after GC invocations=28 (full 0):
 garbage-first heap   total 123904K, used 62479K [0x00000000c2000000, 0x0000000100000000)
  region size 1024K, 8 young (8192K), 8 survivors (8192K)
 Metaspace       used 63256K, committed 63808K, reserved 1105920K
  class space    used 9407K, committed 9664K, reserved 1048576K
}
Event: 18.644 GC heap before
{Heap before GC invocations=28 (full 0):
 garbage-first heap   total 123904K, used 92175K [0x00000000c2000000, 0x0000000100000000)
  region size 1024K, 37 young (37888K), 8 survivors (8192K)
 Metaspace       used 63256K, committed 63808K, reserved 1105920K
  class space    used 9407K, committed 9664K, reserved 1048576K
}
Event: 18.667 GC heap after
{Heap after GC invocations=29 (full 0):
 garbage-first heap   total 123904K, used 68389K [0x00000000c2000000, 0x0000000100000000)
  region size 1024K, 5 young (5120K), 5 survivors (5120K)
 Metaspace       used 63256K, committed 63808K, reserved 1105920K
  class space    used 9407K, committed 9664K, reserved 1048576K
}
Event: 18.752 GC heap before
{Heap before GC invocations=29 (full 0):
 garbage-first heap   total 123904K, used 95013K [0x00000000c2000000, 0x0000000100000000)
  region size 1024K, 31 young (31744K), 5 survivors (5120K)
 Metaspace       used 63256K, committed 63808K, reserved 1105920K
  class space    used 9407K, committed 9664K, reserved 1048576K
}
Event: 18.768 GC heap after
{Heap after GC invocations=30 (full 0):
 garbage-first heap   total 123904K, used 71369K [0x00000000c2000000, 0x0000000100000000)
  region size 1024K, 4 young (4096K), 4 survivors (4096K)
 Metaspace       used 63256K, committed 63808K, reserved 1105920K
  class space    used 9407K, committed 9664K, reserved 1048576K
}
Event: 18.898 GC heap before
{Heap before GC invocations=30 (full 0):
 garbage-first heap   total 123904K, used 94921K [0x00000000c2000000, 0x0000000100000000)
  region size 1024K, 27 young (27648K), 4 survivors (4096K)
 Metaspace       used 63256K, committed 63808K, reserved 1105920K
  class space    used 9407K, committed 9664K, reserved 1048576K
}
Event: 18.921 GC heap after
{Heap after GC invocations=31 (full 0):
 garbage-first heap   total 252928K, used 81612K [0x00000000c2000000, 0x0000000100000000)
  region size 1024K, 4 young (4096K), 4 survivors (4096K)
 Metaspace       used 63256K, committed 63808K, reserved 1105920K
  class space    used 9407K, committed 9664K, reserved 1048576K
}
Event: 19.847 GC heap before
{Heap before GC invocations=32 (full 0):
 garbage-first heap   total 252928K, used 184012K [0x00000000c2000000, 0x0000000100000000)
  region size 1024K, 102 young (104448K), 4 survivors (4096K)
 Metaspace       used 63256K, committed 63808K, reserved 1105920K
  class space    used 9407K, committed 9664K, reserved 1048576K
}
Event: 19.956 GC heap after
{Heap after GC invocations=33 (full 0):
 garbage-first heap   total 252928K, used 119385K [0x00000000c2000000, 0x0000000100000000)
  region size 1024K, 13 young (13312K), 13 survivors (13312K)
 Metaspace       used 63256K, committed 63808K, reserved 1105920K
  class space    used 9407K, committed 9664K, reserved 1048576K
}
Event: 19.966 GC heap before
{Heap before GC invocations=33 (full 0):
 garbage-first heap   total 252928K, used 120409K [0x00000000c2000000, 0x0000000100000000)
  region size 1024K, 14 young (14336K), 13 survivors (13312K)
 Metaspace       used 63256K, committed 63808K, reserved 1105920K
  class space    used 9407K, committed 9664K, reserved 1048576K
}
Event: 20.002 GC heap after
{Heap after GC invocations=34 (full 0):
 garbage-first heap   total 252928K, used 121125K [0x00000000c2000000, 0x0000000100000000)
  region size 1024K, 2 young (2048K), 2 survivors (2048K)
 Metaspace       used 63256K, committed 63808K, reserved 1105920K
  class space    used 9407K, committed 9664K, reserved 1048576K
}
Event: 20.259 GC heap before
{Heap before GC invocations=34 (full 0):
 garbage-first heap   total 252928K, used 184613K [0x00000000c2000000, 0x0000000100000000)
  region size 1024K, 64 young (65536K), 2 survivors (2048K)
 Metaspace       used 63266K, committed 63808K, reserved 1105920K
  class space    used 9415K, committed 9664K, reserved 1048576K
}
Event: 20.274 GC heap after
{Heap after GC invocations=35 (full 0):
 garbage-first heap   total 252928K, used 129829K [0x00000000c2000000, 0x0000000100000000)
  region size 1024K, 8 young (8192K), 8 survivors (8192K)
 Metaspace       used 63266K, committed 63808K, reserved 1105920K
  class space    used 9415K, committed 9664K, reserved 1048576K
}
Event: 20.831 GC heap before
{Heap before GC invocations=36 (full 0):
 garbage-first heap   total 252928K, used 167717K [0x00000000c2000000, 0x0000000100000000)
  region size 1024K, 67 young (68608K), 8 survivors (8192K)
 Metaspace       used 63288K, committed 63872K, reserved 1105920K
  class space    used 9423K, committed 9664K, reserved 1048576K
}
Event: 20.856 GC heap after
{Heap after GC invocations=37 (full 0):
 garbage-first heap   total 252928K, used 115015K [0x00000000c2000000, 0x0000000100000000)
  region size 1024K, 8 young (8192K), 8 survivors (8192K)
 Metaspace       used 63288K, committed 63872K, reserved 1105920K
  class space    used 9423K, committed 9664K, reserved 1048576K
}
Event: 20.872 GC heap before
{Heap before GC invocations=37 (full 0):
 garbage-first heap   total 252928K, used 119111K [0x00000000c2000000, 0x0000000100000000)
  region size 1024K, 12 young (12288K), 8 survivors (8192K)
 Metaspace       used 63288K, committed 63872K, reserved 1105920K
  class space    used 9423K, committed 9664K, reserved 1048576K
}
Event: 20.883 GC heap after
{Heap after GC invocations=38 (full 0):
 garbage-first heap   total 252928K, used 87832K [0x00000000c2000000, 0x0000000100000000)
  region size 1024K, 2 young (2048K), 2 survivors (2048K)
 Metaspace       used 63288K, committed 63872K, reserved 1105920K
  class space    used 9423K, committed 9664K, reserved 1048576K
}
Event: 20.909 GC heap before
{Heap before GC invocations=38 (full 0):
 garbage-first heap   total 252928K, used 98072K [0x00000000c2000000, 0x0000000100000000)
  region size 1024K, 12 young (12288K), 2 survivors (2048K)
 Metaspace       used 63288K, committed 63872K, reserved 1105920K
  class space    used 9423K, committed 9664K, reserved 1048576K
}

